<?xml version="1.0" encoding="UTF-8"?>
<!-- Generated by org.testng.reporters.JUnitReportReporter -->
<testsuite hostname="DESKTOP-R0NO93M" failures="0" tests="1" name="Assignment.APITesting.VerifyMovieExistenceTest" time="1.842" errors="0" timestamp="2022-07-09T13:42:15 IST" skipped="0">
  <testcase classname="Assignment.APITesting.VerifyMovieExistenceTest" name="VerifyMovieExistence" time="1.842"/>
  <system-out/>
</testsuite> <!-- Assignment.APITesting.VerifyMovieExistenceTest -->
