<?xml version="1.0" encoding="UTF-8"?>
<!-- Generated by org.testng.reporters.JUnitReportReporter -->
<testsuite hostname="DESKTOP-R0NO93M" failures="0" tests="1" name="Assignment.APITesting.VerifyMovieRatingUpdate" time="3.177" errors="0" timestamp="2022-07-09T12:45:26 IST" skipped="0">
  <testcase classname="Assignment.APITesting.VerifyMovieRatingUpdate" name="VerifyRatingPostRequest" time="3.177"/>
  <system-out/>
</testsuite> <!-- Assignment.APITesting.VerifyMovieRatingUpdate -->
