<?xml version="1.0" encoding="UTF-8"?>
<!-- Generated by org.testng.reporters.JUnitReportReporter -->
<testsuite hostname="DESKTOP-R0NO93M" failures="0" tests="1" name="Assignment.APITesting.VerifyTopRatedMovieTest" time="1.933" errors="0" timestamp="2022-07-09T13:04:02 IST" skipped="0">
  <testcase classname="Assignment.APITesting.VerifyTopRatedMovieTest" name="VerifyTopRatedMovie" time="1.933"/>
  <system-out/>
</testsuite> <!-- Assignment.APITesting.VerifyTopRatedMovieTest -->
